# JRE version: Java(TM) SE Runtime Environment (8.0_361) (build 1.8.0_361-b09)
# Java VM: Java HotSpot(TM) 64-Bit Server VM (25.361-b09 mixed mode windows-amd64 compressed oops)
Heap:
 PSYoungGen      total 263168K, used 205611K [0x00000000eab00000, 0x00000000fda00000, 0x0000000100000000)
  eden space 258048K, 79% used [0x00000000eab00000,0x00000000f73cac98,0x00000000fa700000)
  from space 5120K, 0% used [0x00000000fa700000,0x00000000fa700000,0x00000000fac00000)
  to   space 26112K, 0% used [0x00000000fc080000,0x00000000fc080000,0x00000000fda00000)
 ParOldGen       total 172032K, used 55673K [0x00000000c0000000, 0x00000000ca800000, 0x00000000eab00000)
  object space 172032K, 32% used [0x00000000c0000000,0x00000000c365e5c0,0x00000000ca800000)
 Metaspace       used 13771K, capacity 14438K, committed 14592K, reserved 1060864K
  class space    used 2052K, capacity 2214K, committed 2304K, reserved 1048576K
GC Heap History (10 events):
Event: 18.611 GC heap before
{Heap before GC invocations=17 (full 6):
 PSYoungGen      total 268800K, used 16148K [0x00000000eab00000, 0x00000000fdc00000, 0x0000000100000000)
  eden space 242176K, 0% used [0x00000000eab00000,0x00000000eab00000,0x00000000f9780000)
  from space 26624K, 60% used [0x00000000f9780000,0x00000000fa745058,0x00000000fb180000)
  to   space 27136K, 0% used [0x00000000fc180000,0x00000000fc180000,0x00000000fdc00000)
 ParOldGen       total 172032K, used 37475K [0x00000000c0000000, 0x00000000ca800000, 0x00000000eab00000)
  object space 172032K, 21% used [0x00000000c0000000,0x00000000c2498c30,0x00000000ca800000)
 Metaspace       used 13485K, capacity 14080K, committed 14208K, reserved 1060864K
  class space    used 1998K, capacity 2142K, committed 2176K, reserved 1048576K
Event: 19.047 GC heap after
Heap after GC invocations=17 (full 6):
 PSYoungGen      total 268800K, used 0K [0x00000000eab00000, 0x00000000fdc00000, 0x0000000100000000)
  eden space 242176K, 0% used [0x00000000eab00000,0x00000000eab00000,0x00000000f9780000)
  from space 26624K, 0% used [0x00000000f9780000,0x00000000f9780000,0x00000000fb180000)
  to   space 27136K, 0% used [0x00000000fc180000,0x00000000fc180000,0x00000000fdc00000)
 ParOldGen       total 172032K, used 52435K [0x00000000c0000000, 0x00000000ca800000, 0x00000000eab00000)
  object space 172032K, 30% used [0x00000000c0000000,0x00000000c3334f50,0x00000000ca800000)
 Metaspace       used 13485K, capacity 14080K, committed 14208K, reserved 1060864K
  class space    used 1998K, capacity 2142K, committed 2176K, reserved 1048576K
}
Event: 19.132 GC heap before
{Heap before GC invocations=18 (full 6):
 PSYoungGen      total 268800K, used 33128K [0x00000000eab00000, 0x00000000fdc00000, 0x0000000100000000)
  eden space 242176K, 13% used [0x00000000eab00000,0x00000000ecb5a2e0,0x00000000f9780000)
  from space 26624K, 0% used [0x00000000f9780000,0x00000000f9780000,0x00000000fb180000)
  to   space 27136K, 0% used [0x00000000fc180000,0x00000000fc180000,0x00000000fdc00000)
 ParOldGen       total 172032K, used 52435K [0x00000000c0000000, 0x00000000ca800000, 0x00000000eab00000)
  object space 172032K, 30% used [0x00000000c0000000,0x00000000c3334f50,0x00000000ca800000)
 Metaspace       used 13539K, capacity 14120K, committed 14336K, reserved 1060864K
  class space    used 2033K, capacity 2177K, committed 2304K, reserved 1048576K
Event: 19.135 GC heap after
Heap after GC invocations=18 (full 6):
 PSYoungGen      total 284160K, used 4032K [0x00000000eab00000, 0x00000000fdb00000, 0x0000000100000000)
  eden space 258048K, 0% used [0x00000000eab00000,0x00000000eab00000,0x00000000fa700000)
  from space 26112K, 15% used [0x00000000fc180000,0x00000000fc570000,0x00000000fdb00000)
  to   space 26624K, 0% used [0x00000000fa700000,0x00000000fa700000,0x00000000fc100000)
 ParOldGen       total 172032K, used 52443K [0x00000000c0000000, 0x00000000ca800000, 0x00000000eab00000)
  object space 172032K, 30% used [0x00000000c0000000,0x00000000c3336f50,0x00000000ca800000)
 Metaspace       used 13539K, capacity 14120K, committed 14336K, reserved 1060864K
  class space    used 2033K, capacity 2177K, committed 2304K, reserved 1048576K
}
Event: 19.135 GC heap before
{Heap before GC invocations=19 (full 7):
 PSYoungGen      total 284160K, used 4032K [0x00000000eab00000, 0x00000000fdb00000, 0x0000000100000000)
  eden space 258048K, 0% used [0x00000000eab00000,0x00000000eab00000,0x00000000fa700000)
  from space 26112K, 15% used [0x00000000fc180000,0x00000000fc570000,0x00000000fdb00000)
  to   space 26624K, 0% used [0x00000000fa700000,0x00000000fa700000,0x00000000fc100000)
 ParOldGen       total 172032K, used 52443K [0x00000000c0000000, 0x00000000ca800000, 0x00000000eab00000)
  object space 172032K, 30% used [0x00000000c0000000,0x00000000c3336f50,0x00000000ca800000)
 Metaspace       used 13539K, capacity 14120K, committed 14336K, reserved 1060864K
  class space    used 2033K, capacity 2177K, committed 2304K, reserved 1048576K
Event: 19.706 GC heap after
Heap after GC invocations=19 (full 7):
 PSYoungGen      total 284160K, used 0K [0x00000000eab00000, 0x00000000fdb00000, 0x0000000100000000)
  eden space 258048K, 0% used [0x00000000eab00000,0x00000000eab00000,0x00000000fa700000)
  from space 26112K, 0% used [0x00000000fc180000,0x00000000fc180000,0x00000000fdb00000)
  to   space 26624K, 0% used [0x00000000fa700000,0x00000000fa700000,0x00000000fc100000)
 ParOldGen       total 172032K, used 55628K [0x00000000c0000000, 0x00000000ca800000, 0x00000000eab00000)
  object space 172032K, 32% used [0x00000000c0000000,0x00000000c3653080,0x00000000ca800000)
 Metaspace       used 13539K, capacity 14120K, committed 14336K, reserved 1060864K
  class space    used 2033K, capacity 2177K, committed 2304K, reserved 1048576K
}
Event: 19.798 GC heap before
{Heap before GC invocations=20 (full 7):
 PSYoungGen      total 284160K, used 45254K [0x00000000eab00000, 0x00000000fdb00000, 0x0000000100000000)
  eden space 258048K, 17% used [0x00000000eab00000,0x00000000ed731a20,0x00000000fa700000)
  from space 26112K, 0% used [0x00000000fc180000,0x00000000fc180000,0x00000000fdb00000)
  to   space 26624K, 0% used [0x00000000fa700000,0x00000000fa700000,0x00000000fc100000)
 ParOldGen       total 172032K, used 55628K [0x00000000c0000000, 0x00000000ca800000, 0x00000000eab00000)
  object space 172032K, 32% used [0x00000000c0000000,0x00000000c3653080,0x00000000ca800000)
 Metaspace       used 13542K, capacity 14120K, committed 14336K, reserved 1060864K
  class space    used 2033K, capacity 2177K, committed 2304K, reserved 1048576K
Event: 19.803 GC heap after
Heap after GC invocations=20 (full 7):
 PSYoungGen      total 263168K, used 4992K [0x00000000eab00000, 0x00000000fda00000, 0x0000000100000000)
  eden space 258048K, 0% used [0x00000000eab00000,0x00000000eab00000,0x00000000fa700000)
  from space 5120K, 97% used [0x00000000fa700000,0x00000000fabe0000,0x00000000fac00000)
  to   space 26112K, 0% used [0x00000000fc080000,0x00000000fc080000,0x00000000fda00000)
 ParOldGen       total 172032K, used 55628K [0x00000000c0000000, 0x00000000ca800000, 0x00000000eab00000)
  object space 172032K, 32% used [0x00000000c0000000,0x00000000c3653080,0x00000000ca800000)
 Metaspace       used 13542K, capacity 14120K, committed 14336K, reserved 1060864K
  class space    used 2033K, capacity 2177K, committed 2304K, reserved 1048576K
}
Event: 19.803 GC heap before
{Heap before GC invocations=21 (full 8):
 PSYoungGen      total 263168K, used 4992K [0x00000000eab00000, 0x00000000fda00000, 0x0000000100000000)
  eden space 258048K, 0% used [0x00000000eab00000,0x00000000eab00000,0x00000000fa700000)
  from space 5120K, 97% used [0x00000000fa700000,0x00000000fabe0000,0x00000000fac00000)
  to   space 26112K, 0% used [0x00000000fc080000,0x00000000fc080000,0x00000000fda00000)
 ParOldGen       total 172032K, used 55628K [0x00000000c0000000, 0x00000000ca800000, 0x00000000eab00000)
  object space 172032K, 32% used [0x00000000c0000000,0x00000000c3653080,0x00000000ca800000)
 Metaspace       used 13542K, capacity 14120K, committed 14336K, reserved 1060864K
  class space    used 2033K, capacity 2177K, committed 2304K, reserved 1048576K
Event: 20.211 GC heap after
Heap after GC invocations=21 (full 8):
 PSYoungGen      total 263168K, used 0K [0x00000000eab00000, 0x00000000fda00000, 0x0000000100000000)
  eden space 258048K, 0% used [0x00000000eab00000,0x00000000eab00000,0x00000000fa700000)
  from space 5120K, 0% used [0x00000000fa700000,0x00000000fa700000,0x00000000fac00000)
  to   space 26112K, 0% used [0x00000000fc080000,0x00000000fc080000,0x00000000fda00000)
 ParOldGen       total 172032K, used 55673K [0x00000000c0000000, 0x00000000ca800000, 0x00000000eab00000)
  object space 172032K, 32% used [0x00000000c0000000,0x00000000c365e5c0,0x00000000ca800000)
 Metaspace       used 13542K, capacity 14120K, committed 14336K, reserved 1060864K
  class space    used 2033K, capacity 2177K, committed 2304K, reserved 1048576K
}

